{"app":"backend","data":{"email":"moanunadfa@gmail.com","user_name":"mogaka"},"level":"info","message":"User registration attempt","timestamp":"2025-07-04T21:10:43.321Z"}
{"app":"backend","data":{"user":"mogaka"},"level":"error","message":"Error occurred during user registration","timestamp":"2025-07-04T21:12:24.309Z"}
{"app":"backend","data":{"user":"mogaka"},"level":"error","message":"Error occurred during user registration","timestamp":"2025-07-04T21:12:49.514Z"}
{"app":"backend","data":{"error":{"code":"ER_DUP_ENTRY","errno":1062,"message":"Duplicate entry 'moanunadfa@gmail.com' for key 'users.email'","sql":"CALL addUser('018922b4-b370-47f8-99c7-9d1de5d476a5','General','Liutenant','mogaka','moanunadfa@gmail.com','$2b$09$fnLxvZFmqcw71oOcdGLm4OXc8B1mwwIpt10R94p3zFsjIqVEEQQIa','farmer')","sqlMessage":"Duplicate entry 'moanunadfa@gmail.com' for key 'users.email'","sqlState":"23000"},"user":"mogaka"},"level":"error","message":"Error occurred during user registration","timestamp":"2025-07-04T21:15:20.743Z"}
{"app":"backend","data":{"email":"moanunadfa@gmail.com","user_name":"mogaka"},"level":"info","message":"User registration attempt","timestamp":"2025-07-04T21:17:10.139Z"}
{"app":"backend","data":{"email":"michael@gmail.com","user_name":"michael"},"level":"info","message":"User registration attempt","timestamp":"2025-07-04T21:18:05.950Z"}
{"app":"backend","data":{"email":"michael@gmail.com","user_name":"michael"},"level":"info","message":"User registration attempt","timestamp":"2025-07-04T21:27:26.788Z"}
{"app":"backend","data":{"email":"michael@gmail.com","user_name":"michael"},"level":"info","message":"User registration attempt","timestamp":"2025-07-04T21:28:37.182Z"}
{"app":"backend","data":{"email":"michael@gmail.com","user_name":"michael"},"level":"info","message":"User registration attempt","timestamp":"2025-07-04T21:29:27.398Z"}
{"app":"backend","data":{"email":"michael@gmail.com","user_name":"michael"},"level":"info","message":"User registration attempt","timestamp":"2025-07-04T21:31:20.445Z"}
{"app":"backend","data":{"email":"michael@gmail.com","error":{"code":"ER_DUP_ENTRY","errno":1062,"message":"Duplicate entry 'michael@gmail.com' for key 'users.email'","sql":"CALL addUser('62f5b694-2249-4f04-bc3e-00d11a7fdd9d','General','Liutenant','michael','michael@gmail.com','$2b$09$nes697DuHAjjTL2k3mM46uORR0eTsfCLl667OyI8czdfMY8Slmllm','farmer')","sqlMessage":"Duplicate entry 'michael@gmail.com' for key 'users.email'","sqlState":"23000"},"user":"michael"},"level":"error","message":"Error occurred during user registration","timestamp":"2025-07-04T21:31:40.828Z"}
{"app":"backend","data":{"email":"michael@gmail.com","error":{"code":"ER_DUP_ENTRY","errno":1062,"message":"Duplicate entry 'michael@gmail.com' for key 'users.email'","sql":"CALL addUser('94e18b6d-3bd1-4143-8bbf-b6d342348fc7','General','Liutenant','michael','michael@gmail.com','$2b$09$7p/vjNahjztTEpS7fXHmkuZATIwiYnS/ckMpCrBpRmfPKi082xe02','farmer')","sqlMessage":"Duplicate entry 'michael@gmail.com' for key 'users.email'","sqlState":"23000"},"user":"michael"},"level":"error","message":"Error occurred during user registration","timestamp":"2025-07-04T21:31:44.801Z"}
{"app":"backend","email":"michael@gmail.com","level":"info","message":"User registration attempt","timestamp":"2025-07-04T21:36:52.328Z","user_name":"michael"}
{"app":"backend","email":"michael@gmail.com","level":"info","message":"User registration attempt","timestamp":"2025-07-04T21:37:21.234Z","user_name":"michael"}
{"app":"backend","email":"michael@gmail.com","level":"info","message":"User registration attempt","timestamp":"2025-07-04T21:37:39.390Z","user_name":"michael"}
{"app":"backend","data":{"userNameOrEmail":"daagie@gmail.com"},"level":"info","message":"User login attempt","timestamp":"2025-07-04T21:50:26.393Z"}
{"app":"backend","data":{"email":"michael@gmail.com","user_name":"michael"},"level":"info","message":"User registration attempt","timestamp":"2025-07-04T21:53:02.107Z"}
{"app":"backend","data":{"email":"michael@gmail.com","error":{"code":"ER_DUP_ENTRY","errno":1062,"message":"Duplicate entry 'michael@gmail.com' for key 'users.email'","sql":"CALL addUser('2c037c58-ce1b-411e-86ec-1b59b7090415','General','Liutenant','michael','michael@gmail.com','$2b$09$YJTjyPyNV1Eme.nBOOvEfOXxJGv0T1TVNZvL51ZkMzmTxUPqM7OcC','farmer')","sqlMessage":"Duplicate entry 'michael@gmail.com' for key 'users.email'","sqlState":"23000"},"user_name":"michael"},"level":"error","message":"Error occurred during user registration","timestamp":"2025-07-04T21:53:12.426Z"}
{"app":"backend","data":{"email":"michael@gmail.com","error":{"code":"ER_DUP_ENTRY","errno":1062,"message":"Duplicate entry 'michael@gmail.com' for key 'users.email'","sql":"CALL addUser('b0e31894-c02c-4ab6-afae-16256934cdbf','General','Liutenant','michael','michael@gmail.com','$2b$09$4mL1FWPK5eQDYCSmW3.vdeO4bzfZMMh7dAt/0i8Jcd4hRGBEJ8TF2','farmer')","sqlMessage":"Duplicate entry 'michael@gmail.com' for key 'users.email'","sqlState":"23000"},"user_name":"michael"},"level":"error","message":"Error occurred during user registration","timestamp":"2025-07-04T21:53:28.951Z"}
{"app":"backend","data":{"email":"michael@gmail.com","error":{"code":"ER_DUP_ENTRY","errno":1062,"message":"Duplicate entry 'michael@gmail.com' for key 'users.email'","sql":"CALL addUser('973b06b7-47df-477b-8905-19af3b7ea559','General','Liutenant','michael','michael@gmail.com','$2b$09$SAZAs2h5/39KMc/.WlzNLu0/SvZ4ykgDLdSuyK6Ri2/xtt9oPCzP2','farmer')","sqlMessage":"Duplicate entry 'michael@gmail.com' for key 'users.email'","sqlState":"23000"},"user_name":"michael"},"level":"error","message":"Error occurred during user registration","timestamp":"2025-07-04T21:53:30.238Z"}
{"app":"backend","data":{"email":"michael@gmail.com","error":{"code":"ER_DUP_ENTRY","errno":1062,"message":"Duplicate entry 'michael@gmail.com' for key 'users.email'","sql":"CALL addUser('e7a3cbfc-c4cc-4259-a42e-a31103faef33','General','Liutenant','michael','michael@gmail.com','$2b$09$j8xa/PKfgW/6zM74KbOv9.U9NBMq/DQK8Oz6/fb8R5zIwvptb9C8S','farmer')","sqlMessage":"Duplicate entry 'michael@gmail.com' for key 'users.email'","sqlState":"23000"},"user_name":"michael"},"level":"error","message":"Error occurred during user registration","timestamp":"2025-07-04T21:53:31.362Z"}
{"app":"backend","data":{"email":"michael@gmail.com","user_name":"michael"},"level":"info","message":"User registration attempt","timestamp":"2025-07-04T22:01:03.188Z"}
{"app":"backend","data":{"email":"michael@gmail.com","user_name":"michael"},"level":"info","message":"User registration attempt","timestamp":"2025-07-04T22:01:05.248Z"}
{"app":"backend","data":{"email":"michael@gmail.com","user_name":"michael"},"level":"info","message":"User registration attempt","timestamp":"2025-07-04T22:03:22.792Z"}
